# JRE version: OpenJDK Runtime Environment AdoptOpenJDK (11.0.10+9) (build 11.0.10+9)
# Java VM: OpenJDK 64-Bit Server VM AdoptOpenJDK (11.0.10+9, mixed mode, tiered, compressed oops, parallel gc, windows-amd64)
Heap:
 PSYoungGen      total 44032K, used 35265K [0x00000000eab00000, 0x00000000f3d00000, 0x0000000100000000)
  eden space 26112K, 66% used [0x00000000eab00000,0x00000000ebbf50c8,0x00000000ec480000)
  from space 17920K, 99% used [0x00000000ef480000,0x00000000f05fb640,0x00000000f0600000)
  to   space 49152K, 0% used [0x00000000ec480000,0x00000000ec480000,0x00000000ef480000)
 ParOldGen       total 476672K, used 324058K [0x00000000c0000000, 0x00000000dd180000, 0x00000000eab00000)
  object space 476672K, 67% used [0x00000000c0000000,0x00000000d3c76be0,0x00000000dd180000)
 Metaspace       used 65228K, capacity 68271K, committed 68568K, reserved 1110016K
  class space    used 7409K, capacity 8387K, committed 8448K, reserved 1048576K
GC Heap History (20 events):
Event: 98.940 GC heap before
{Heap before GC invocations=83 (full 11):
 PSYoungGen      total 51200K, used 45056K [0x00000000eab00000, 0x00000000ef000000, 0x0000000100000000)
  eden space 45056K, 100% used [0x00000000eab00000,0x00000000ed700000,0x00000000ed700000)
  from space 6144K, 0% used [0x00000000ee800000,0x00000000ee800000,0x00000000eee00000)
  to   space 11776K, 0% used [0x00000000ed700000,0x00000000ed700000,0x00000000ee280000)
 ParOldGen       total 219648K, used 219604K [0x00000000c0000000, 0x00000000cd680000, 0x00000000eab00000)
  object space 219648K, 99% used [0x00000000c0000000,0x00000000cd675258,0x00000000cd680000)
 Metaspace       used 64022K, capacity 66858K, committed 67160K, reserved 1107968K
  class space    used 7249K, capacity 8261K, committed 8320K, reserved 1048576K
}
Event: 100.246 GC heap after
{Heap after GC invocations=83 (full 11):
 PSYoungGen      total 56832K, used 21018K [0x00000000eab00000, 0x00000000eef80000, 0x0000000100000000)
  eden space 45056K, 46% used [0x00000000eab00000,0x00000000ebf86908,0x00000000ed700000)
  from space 11776K, 0% used [0x00000000ed700000,0x00000000ed700000,0x00000000ee280000)
  to   space 6144K, 0% used [0x00000000ee800000,0x00000000ee800000,0x00000000eee00000)
 ParOldGen       total 219648K, used 219521K [0x00000000c0000000, 0x00000000cd680000, 0x00000000eab00000)
  object space 219648K, 99% used [0x00000000c0000000,0x00000000cd660488,0x00000000cd680000)
 Metaspace       used 64022K, capacity 66858K, committed 67160K, reserved 1107968K
  class space    used 7249K, capacity 8261K, committed 8320K, reserved 1048576K
}
Event: 100.613 GC heap before
{Heap before GC invocations=84 (full 12):
 PSYoungGen      total 56832K, used 45056K [0x00000000eab00000, 0x00000000eef80000, 0x0000000100000000)
  eden space 45056K, 100% used [0x00000000eab00000,0x00000000ed700000,0x00000000ed700000)
  from space 11776K, 0% used [0x00000000ed700000,0x00000000ed700000,0x00000000ee280000)
  to   space 6144K, 0% used [0x00000000ee800000,0x00000000ee800000,0x00000000eee00000)
 ParOldGen       total 219648K, used 219521K [0x00000000c0000000, 0x00000000cd680000, 0x00000000eab00000)
  object space 219648K, 99% used [0x00000000c0000000,0x00000000cd660488,0x00000000cd680000)
 Metaspace       used 64243K, capacity 67054K, committed 67160K, reserved 1107968K
  class space    used 7262K, capacity 8261K, committed 8320K, reserved 1048576K
}
Event: 100.984 GC heap after
{Heap after GC invocations=84 (full 12):
 PSYoungGen      total 51200K, used 25281K [0x00000000eab00000, 0x00000000eef80000, 0x0000000100000000)
  eden space 45056K, 56% used [0x00000000eab00000,0x00000000ec3b0728,0x00000000ed700000)
  from space 6144K, 0% used [0x00000000ee800000,0x00000000ee800000,0x00000000eee00000)
  to   space 11776K, 0% used [0x00000000ed700000,0x00000000ed700000,0x00000000ee280000)
 ParOldGen       total 219648K, used 219520K [0x00000000c0000000, 0x00000000cd680000, 0x00000000eab00000)
  object space 219648K, 99% used [0x00000000c0000000,0x00000000cd660010,0x00000000cd680000)
 Metaspace       used 64243K, capacity 67054K, committed 67160K, reserved 1107968K
  class space    used 7262K, capacity 8261K, committed 8320K, reserved 1048576K
}
Event: 101.216 GC heap before
{Heap before GC invocations=85 (full 13):
 PSYoungGen      total 51200K, used 45056K [0x00000000eab00000, 0x00000000eef80000, 0x0000000100000000)
  eden space 45056K, 100% used [0x00000000eab00000,0x00000000ed700000,0x00000000ed700000)
  from space 6144K, 0% used [0x00000000ee800000,0x00000000ee800000,0x00000000eee00000)
  to   space 11776K, 0% used [0x00000000ed700000,0x00000000ed700000,0x00000000ee280000)
 ParOldGen       total 219648K, used 219520K [0x00000000c0000000, 0x00000000cd680000, 0x00000000eab00000)
  object space 219648K, 99% used [0x00000000c0000000,0x00000000cd660010,0x00000000cd680000)
 Metaspace       used 64746K, capacity 67756K, committed 68056K, reserved 1110016K
  class space    used 7329K, capacity 8322K, committed 8448K, reserved 1048576K
}
Event: 101.877 GC heap after
{Heap after GC invocations=85 (full 13):
 PSYoungGen      total 56832K, used 22974K [0x00000000eab00000, 0x00000000eef80000, 0x0000000100000000)
  eden space 45056K, 50% used [0x00000000eab00000,0x00000000ec16f8a8,0x00000000ed700000)
  from space 11776K, 0% used [0x00000000ed700000,0x00000000ed700000,0x00000000ee280000)
  to   space 6144K, 0% used [0x00000000ee800000,0x00000000ee800000,0x00000000eee00000)
 ParOldGen       total 219648K, used 219587K [0x00000000c0000000, 0x00000000cd680000, 0x00000000eab00000)
  object space 219648K, 99% used [0x00000000c0000000,0x00000000cd670e80,0x00000000cd680000)
 Metaspace       used 64744K, capacity 67753K, committed 68056K, reserved 1110016K
  class space    used 7328K, capacity 8321K, committed 8448K, reserved 1048576K
}
Event: 102.220 GC heap before
{Heap before GC invocations=86 (full 14):
 PSYoungGen      total 56832K, used 45056K [0x00000000eab00000, 0x00000000eef80000, 0x0000000100000000)
  eden space 45056K, 100% used [0x00000000eab00000,0x00000000ed700000,0x00000000ed700000)
  from space 11776K, 0% used [0x00000000ed700000,0x00000000ed700000,0x00000000ee280000)
  to   space 6144K, 0% used [0x00000000ee800000,0x00000000ee800000,0x00000000eee00000)
 ParOldGen       total 219648K, used 219587K [0x00000000c0000000, 0x00000000cd680000, 0x00000000eab00000)
  object space 219648K, 99% used [0x00000000c0000000,0x00000000cd670e80,0x00000000cd680000)
 Metaspace       used 65160K, capacity 68207K, committed 68312K, reserved 1110016K
  class space    used 7400K, capacity 8387K, committed 8448K, reserved 1048576K
}
Event: 102.809 GC heap after
{Heap after GC invocations=86 (full 14):
 PSYoungGen      total 51200K, used 27092K [0x00000000eab00000, 0x00000000eef80000, 0x0000000100000000)
  eden space 45056K, 60% used [0x00000000eab00000,0x00000000ec575318,0x00000000ed700000)
  from space 6144K, 0% used [0x00000000ee800000,0x00000000ee800000,0x00000000eee00000)
  to   space 11776K, 0% used [0x00000000ed700000,0x00000000ed700000,0x00000000ee280000)
 ParOldGen       total 476672K, used 219575K [0x00000000c0000000, 0x00000000dd180000, 0x00000000eab00000)
  object space 476672K, 46% used [0x00000000c0000000,0x00000000cd66de18,0x00000000dd180000)
 Metaspace       used 65160K, capacity 68207K, committed 68312K, reserved 1110016K
  class space    used 7400K, capacity 8387K, committed 8448K, reserved 1048576K
}
Event: 102.911 GC heap before
{Heap before GC invocations=87 (full 14):
 PSYoungGen      total 51200K, used 45056K [0x00000000eab00000, 0x00000000eef80000, 0x0000000100000000)
  eden space 45056K, 100% used [0x00000000eab00000,0x00000000ed700000,0x00000000ed700000)
  from space 6144K, 0% used [0x00000000ee800000,0x00000000ee800000,0x00000000eee00000)
  to   space 11776K, 0% used [0x00000000ed700000,0x00000000ed700000,0x00000000ee280000)
 ParOldGen       total 476672K, used 219575K [0x00000000c0000000, 0x00000000dd180000, 0x00000000eab00000)
  object space 476672K, 46% used [0x00000000c0000000,0x00000000cd66de18,0x00000000dd180000)
 Metaspace       used 65160K, capacity 68207K, committed 68312K, reserved 1110016K
  class space    used 7400K, capacity 8387K, committed 8448K, reserved 1048576K
}
Event: 102.976 GC heap after
{Heap after GC invocations=87 (full 14):
 PSYoungGen      total 56832K, used 11753K [0x00000000eab00000, 0x00000000f2000000, 0x0000000100000000)
  eden space 45056K, 0% used [0x00000000eab00000,0x00000000eab00000,0x00000000ed700000)
  from space 11776K, 99% used [0x00000000ed700000,0x00000000ee27a588,0x00000000ee280000)
  to   space 36864K, 0% used [0x00000000efc00000,0x00000000efc00000,0x00000000f2000000)
 ParOldGen       total 476672K, used 240058K [0x00000000c0000000, 0x00000000dd180000, 0x00000000eab00000)
  object space 476672K, 50% used [0x00000000c0000000,0x00000000cea6e8e8,0x00000000dd180000)
 Metaspace       used 65160K, capacity 68207K, committed 68312K, reserved 1110016K
  class space    used 7400K, capacity 8387K, committed 8448K, reserved 1048576K
}
Event: 103.196 GC heap before
{Heap before GC invocations=88 (full 14):
 PSYoungGen      total 56832K, used 56809K [0x00000000eab00000, 0x00000000f2000000, 0x0000000100000000)
  eden space 45056K, 100% used [0x00000000eab00000,0x00000000ed700000,0x00000000ed700000)
  from space 11776K, 99% used [0x00000000ed700000,0x00000000ee27a588,0x00000000ee280000)
  to   space 36864K, 0% used [0x00000000efc00000,0x00000000efc00000,0x00000000f2000000)
 ParOldGen       total 476672K, used 240058K [0x00000000c0000000, 0x00000000dd180000, 0x00000000eab00000)
  object space 476672K, 50% used [0x00000000c0000000,0x00000000cea6e8e8,0x00000000dd180000)
 Metaspace       used 65160K, capacity 68207K, committed 68312K, reserved 1110016K
  class space    used 7400K, capacity 8387K, committed 8448K, reserved 1048576K
}
Event: 103.215 GC heap after
{Heap after GC invocations=88 (full 14):
 PSYoungGen      total 56832K, used 10282K [0x00000000eab00000, 0x00000000f0680000, 0x0000000100000000)
  eden space 46080K, 0% used [0x00000000eab00000,0x00000000eab00000,0x00000000ed800000)
  from space 10752K, 95% used [0x00000000efc00000,0x00000000f060aae0,0x00000000f0680000)
  to   space 18432K, 0% used [0x00000000ee280000,0x00000000ee280000,0x00000000ef480000)
 ParOldGen       total 476672K, used 251639K [0x00000000c0000000, 0x00000000dd180000, 0x00000000eab00000)
  object space 476672K, 52% used [0x00000000c0000000,0x00000000cf5bddd0,0x00000000dd180000)
 Metaspace       used 65160K, capacity 68207K, committed 68312K, reserved 1110016K
  class space    used 7400K, capacity 8387K, committed 8448K, reserved 1048576K
}
Event: 103.350 GC heap before
{Heap before GC invocations=89 (full 14):
 PSYoungGen      total 56832K, used 56362K [0x00000000eab00000, 0x00000000f0680000, 0x0000000100000000)
  eden space 46080K, 100% used [0x00000000eab00000,0x00000000ed800000,0x00000000ed800000)
  from space 10752K, 95% used [0x00000000efc00000,0x00000000f060aae0,0x00000000f0680000)
  to   space 18432K, 0% used [0x00000000ee280000,0x00000000ee280000,0x00000000ef480000)
 ParOldGen       total 476672K, used 251639K [0x00000000c0000000, 0x00000000dd180000, 0x00000000eab00000)
  object space 476672K, 52% used [0x00000000c0000000,0x00000000cf5bddd0,0x00000000dd180000)
 Metaspace       used 65160K, capacity 68207K, committed 68312K, reserved 1110016K
  class space    used 7400K, capacity 8387K, committed 8448K, reserved 1048576K
}
Event: 103.371 GC heap after
{Heap after GC invocations=89 (full 14):
 PSYoungGen      total 66048K, used 18405K [0x00000000eab00000, 0x00000000f0a80000, 0x0000000100000000)
  eden space 47616K, 0% used [0x00000000eab00000,0x00000000eab00000,0x00000000ed980000)
  from space 18432K, 99% used [0x00000000ee280000,0x00000000ef4796a8,0x00000000ef480000)
  to   space 22528K, 0% used [0x00000000ef480000,0x00000000ef480000,0x00000000f0a80000)
 ParOldGen       total 476672K, used 255600K [0x00000000c0000000, 0x00000000dd180000, 0x00000000eab00000)
  object space 476672K, 53% used [0x00000000c0000000,0x00000000cf99c090,0x00000000dd180000)
 Metaspace       used 65160K, capacity 68207K, committed 68312K, reserved 1110016K
  class space    used 7400K, capacity 8387K, committed 8448K, reserved 1048576K
}
Event: 103.437 GC heap before
{Heap before GC invocations=90 (full 14):
 PSYoungGen      total 66048K, used 66021K [0x00000000eab00000, 0x00000000f0a80000, 0x0000000100000000)
  eden space 47616K, 100% used [0x00000000eab00000,0x00000000ed980000,0x00000000ed980000)
  from space 18432K, 99% used [0x00000000ee280000,0x00000000ef4796a8,0x00000000ef480000)
  to   space 22528K, 0% used [0x00000000ef480000,0x00000000ef480000,0x00000000f0a80000)
 ParOldGen       total 476672K, used 255600K [0x00000000c0000000, 0x00000000dd180000, 0x00000000eab00000)
  object space 476672K, 53% used [0x00000000c0000000,0x00000000cf99c090,0x00000000dd180000)
 Metaspace       used 65160K, capacity 68207K, committed 68312K, reserved 1110016K
  class space    used 7400K, capacity 8387K, committed 8448K, reserved 1048576K
}
Event: 103.463 GC heap after
{Heap after GC invocations=90 (full 14):
 PSYoungGen      total 67584K, used 17724K [0x00000000eab00000, 0x00000000f0600000, 0x0000000100000000)
  eden space 49664K, 0% used [0x00000000eab00000,0x00000000eab00000,0x00000000edb80000)
  from space 17920K, 98% used [0x00000000ef480000,0x00000000f05cf120,0x00000000f0600000)
  to   space 19456K, 0% used [0x00000000ee000000,0x00000000ee000000,0x00000000ef300000)
 ParOldGen       total 476672K, used 273742K [0x00000000c0000000, 0x00000000dd180000, 0x00000000eab00000)
  object space 476672K, 57% used [0x00000000c0000000,0x00000000d0b538b8,0x00000000dd180000)
 Metaspace       used 65160K, capacity 68207K, committed 68312K, reserved 1110016K
  class space    used 7400K, capacity 8387K, committed 8448K, reserved 1048576K
}
Event: 104.301 GC heap before
{Heap before GC invocations=91 (full 14):
 PSYoungGen      total 67584K, used 66721K [0x00000000eab00000, 0x00000000f0600000, 0x0000000100000000)
  eden space 49664K, 98% used [0x00000000eab00000,0x00000000edad94f0,0x00000000edb80000)
  from space 17920K, 98% used [0x00000000ef480000,0x00000000f05cf120,0x00000000f0600000)
  to   space 19456K, 0% used [0x00000000ee000000,0x00000000ee000000,0x00000000ef300000)
 ParOldGen       total 476672K, used 273742K [0x00000000c0000000, 0x00000000dd180000, 0x00000000eab00000)
  object space 476672K, 57% used [0x00000000c0000000,0x00000000d0b538b8,0x00000000dd180000)
 Metaspace       used 65173K, capacity 68207K, committed 68312K, reserved 1110016K
  class space    used 7401K, capacity 8387K, committed 8448K, reserved 1048576K
}
Event: 104.337 GC heap after
{Heap after GC invocations=91 (full 14):
 PSYoungGen      total 69120K, used 19455K [0x00000000eab00000, 0x00000000f0600000, 0x0000000100000000)
  eden space 49664K, 0% used [0x00000000eab00000,0x00000000eab00000,0x00000000edb80000)
  from space 19456K, 99% used [0x00000000ee000000,0x00000000ef2ffc68,0x00000000ef300000)
  to   space 17920K, 0% used [0x00000000ef480000,0x00000000ef480000,0x00000000f0600000)
 ParOldGen       total 476672K, used 294916K [0x00000000c0000000, 0x00000000dd180000, 0x00000000eab00000)
  object space 476672K, 61% used [0x00000000c0000000,0x00000000d2001230,0x00000000dd180000)
 Metaspace       used 65173K, capacity 68207K, committed 68312K, reserved 1110016K
  class space    used 7401K, capacity 8387K, committed 8448K, reserved 1048576K
}
Event: 107.108 GC heap before
{Heap before GC invocations=92 (full 14):
 PSYoungGen      total 69120K, used 69119K [0x00000000eab00000, 0x00000000f0600000, 0x0000000100000000)
  eden space 49664K, 100% used [0x00000000eab00000,0x00000000edb80000,0x00000000edb80000)
  from space 19456K, 99% used [0x00000000ee000000,0x00000000ef2ffc68,0x00000000ef300000)
  to   space 17920K, 0% used [0x00000000ef480000,0x00000000ef480000,0x00000000f0600000)
 ParOldGen       total 476672K, used 294916K [0x00000000c0000000, 0x00000000dd180000, 0x00000000eab00000)
  object space 476672K, 61% used [0x00000000c0000000,0x00000000d2001230,0x00000000dd180000)
 Metaspace       used 65227K, capacity 68271K, committed 68568K, reserved 1110016K
  class space    used 7409K, capacity 8387K, committed 8448K, reserved 1048576K
}
Event: 107.185 GC heap after
{Heap after GC invocations=92 (full 14):
 PSYoungGen      total 44032K, used 17901K [0x00000000eab00000, 0x00000000f3d00000, 0x0000000100000000)
  eden space 26112K, 0% used [0x00000000eab00000,0x00000000eab00000,0x00000000ec480000)
  from space 17920K, 99% used [0x00000000ef480000,0x00000000f05fb640,0x00000000f0600000)
  to   space 49152K, 0% used [0x00000000ec480000,0x00000000ec480000,0x00000000ef480000)
 ParOldGen       total 476672K, used 324058K [0x00000000c0000000, 0x00000000dd180000, 0x00000000eab00000)
  object space 476672K, 67% used [0x00000000c0000000,0x00000000d3c76be0,0x00000000dd180000)
 Metaspace       used 65227K, capacity 68271K, committed 68568K, reserved 1110016K
  class space    used 7409K, capacity 8387K, committed 8448K, reserved 1048576K
}

