# JRE version: OpenJDK Runtime Environment AdoptOpenJDK (11.0.10+9) (build 11.0.10+9)
# Java VM: OpenJDK 64-Bit Server VM AdoptOpenJDK (11.0.10+9, mixed mode, tiered, compressed oops, g1 gc, windows-amd64)
Heap:
 garbage-first heap   total 262144K, used 166002K [0x00000000e0000000, 0x0000000100000000)
  region size 1024K, 130 young (133120K), 14 survivors (14336K)
 Metaspace       used 71088K, capacity 73013K, committed 73088K, reserved 319488K
  class space    used 8613K, capacity 9287K, committed 9344K, reserved 253952K
GC Heap History (20 events):
Event: 4.479 GC heap before
{Heap before GC invocations=2 (full 0):
 garbage-first heap   total 262144K, used 66519K [0x00000000e0000000, 0x0000000100000000)
  region size 1024K, 58 young (59392K), 2 survivors (2048K)
 Metaspace       used 19071K, capacity 19462K, committed 19712K, reserved 272384K
  class space    used 2316K, capacity 2469K, committed 2560K, reserved 253952K
}
Event: 4.489 GC heap after
{Heap after GC invocations=3 (full 0):
 garbage-first heap   total 262144K, used 15698K [0x00000000e0000000, 0x0000000100000000)
  region size 1024K, 8 young (8192K), 8 survivors (8192K)
 Metaspace       used 19071K, capacity 19462K, committed 19712K, reserved 272384K
  class space    used 2316K, capacity 2469K, committed 2560K, reserved 253952K
}
Event: 4.749 GC heap before
{Heap before GC invocations=3 (full 0):
 garbage-first heap   total 262144K, used 25938K [0x00000000e0000000, 0x0000000100000000)
  region size 1024K, 19 young (19456K), 8 survivors (8192K)
 Metaspace       used 20552K, capacity 21110K, committed 21248K, reserved 272384K
  class space    used 2513K, capacity 2726K, committed 2816K, reserved 253952K
}
Event: 4.756 GC heap after
{Heap after GC invocations=4 (full 0):
 garbage-first heap   total 262144K, used 16401K [0x00000000e0000000, 0x0000000100000000)
  region size 1024K, 8 young (8192K), 8 survivors (8192K)
 Metaspace       used 20552K, capacity 21110K, committed 21248K, reserved 272384K
  class space    used 2513K, capacity 2726K, committed 2816K, reserved 253952K
}
Event: 7.979 GC heap before
{Heap before GC invocations=5 (full 0):
 garbage-first heap   total 262144K, used 134161K [0x00000000e0000000, 0x0000000100000000)
  region size 1024K, 125 young (128000K), 8 survivors (8192K)
 Metaspace       used 34874K, capacity 35676K, committed 35840K, reserved 286720K
  class space    used 4568K, capacity 4876K, committed 4992K, reserved 253952K
}
Event: 8.007 GC heap after
{Heap after GC invocations=6 (full 0):
 garbage-first heap   total 262144K, used 22095K [0x00000000e0000000, 0x0000000100000000)
  region size 1024K, 14 young (14336K), 14 survivors (14336K)
 Metaspace       used 34874K, capacity 35676K, committed 35840K, reserved 286720K
  class space    used 4568K, capacity 4876K, committed 4992K, reserved 253952K
}
Event: 11.992 GC heap before
{Heap before GC invocations=7 (full 0):
 garbage-first heap   total 262144K, used 163407K [0x00000000e0000000, 0x0000000100000000)
  region size 1024K, 149 young (152576K), 14 survivors (14336K)
 Metaspace       used 51637K, capacity 52703K, committed 52736K, reserved 301056K
  class space    used 6507K, capacity 6912K, committed 6912K, reserved 253952K
}
Event: 12.016 GC heap after
{Heap after GC invocations=8 (full 0):
 garbage-first heap   total 262144K, used 31634K [0x00000000e0000000, 0x0000000100000000)
  region size 1024K, 16 young (16384K), 16 survivors (16384K)
 Metaspace       used 51637K, capacity 52703K, committed 52736K, reserved 301056K
  class space    used 6507K, capacity 6912K, committed 6912K, reserved 253952K
}
Event: 24.096 GC heap before
{Heap before GC invocations=8 (full 0):
 garbage-first heap   total 262144K, used 121746K [0x00000000e0000000, 0x0000000100000000)
  region size 1024K, 106 young (108544K), 16 survivors (16384K)
 Metaspace       used 58868K, capacity 60117K, committed 60160K, reserved 307200K
  class space    used 7316K, capacity 7803K, committed 7808K, reserved 253952K
}
Event: 24.132 GC heap after
{Heap after GC invocations=9 (full 0):
 garbage-first heap   total 262144K, used 34954K [0x00000000e0000000, 0x0000000100000000)
  region size 1024K, 13 young (13312K), 13 survivors (13312K)
 Metaspace       used 58868K, capacity 60117K, committed 60160K, reserved 307200K
  class space    used 7316K, capacity 7803K, committed 7808K, reserved 253952K
}
Event: 26.564 GC heap before
{Heap before GC invocations=10 (full 0):
 garbage-first heap   total 262144K, used 177290K [0x00000000e0000000, 0x0000000100000000)
  region size 1024K, 153 young (156672K), 13 survivors (13312K)
 Metaspace       used 59407K, capacity 60715K, committed 60928K, reserved 307200K
  class space    used 7345K, capacity 7808K, committed 7808K, reserved 253952K
}
Event: 26.582 GC heap after
{Heap after GC invocations=11 (full 0):
 garbage-first heap   total 262144K, used 43486K [0x00000000e0000000, 0x0000000100000000)
  region size 1024K, 12 young (12288K), 12 survivors (12288K)
 Metaspace       used 59407K, capacity 60715K, committed 60928K, reserved 307200K
  class space    used 7345K, capacity 7808K, committed 7808K, reserved 253952K
}
Event: 28.459 GC heap before
{Heap before GC invocations=11 (full 0):
 garbage-first heap   total 262144K, used 187870K [0x00000000e0000000, 0x0000000100000000)
  region size 1024K, 153 young (156672K), 12 survivors (12288K)
 Metaspace       used 59649K, capacity 60924K, committed 61056K, reserved 307200K
  class space    used 7375K, capacity 7855K, committed 7936K, reserved 253952K
}
Event: 28.466 GC heap after
{Heap after GC invocations=12 (full 0):
 garbage-first heap   total 262144K, used 37138K [0x00000000e0000000, 0x0000000100000000)
  region size 1024K, 4 young (4096K), 4 survivors (4096K)
 Metaspace       used 59649K, capacity 60924K, committed 61056K, reserved 307200K
  class space    used 7375K, capacity 7855K, committed 7936K, reserved 253952K
}
Event: 33.593 GC heap before
{Heap before GC invocations=12 (full 0):
 garbage-first heap   total 262144K, used 189714K [0x00000000e0000000, 0x0000000100000000)
  region size 1024K, 153 young (156672K), 4 survivors (4096K)
 Metaspace       used 66014K, capacity 67698K, committed 67840K, reserved 313344K
  class space    used 8255K, capacity 8876K, committed 8960K, reserved 253952K
}
Event: 33.606 GC heap after
{Heap after GC invocations=13 (full 0):
 garbage-first heap   total 262144K, used 43416K [0x00000000e0000000, 0x0000000100000000)
  region size 1024K, 10 young (10240K), 10 survivors (10240K)
 Metaspace       used 66014K, capacity 67698K, committed 67840K, reserved 313344K
  class space    used 8255K, capacity 8876K, committed 8960K, reserved 253952K
}
Event: 39.771 GC heap before
{Heap before GC invocations=13 (full 0):
 garbage-first heap   total 262144K, used 188824K [0x00000000e0000000, 0x0000000100000000)
  region size 1024K, 153 young (156672K), 10 survivors (10240K)
 Metaspace       used 68319K, capacity 70094K, committed 70272K, reserved 315392K
  class space    used 8411K, capacity 9017K, committed 9088K, reserved 253952K
}
Event: 39.783 GC heap after
{Heap after GC invocations=14 (full 0):
 garbage-first heap   total 262144K, used 45056K [0x00000000e0000000, 0x0000000100000000)
  region size 1024K, 11 young (11264K), 11 survivors (11264K)
 Metaspace       used 68319K, capacity 70094K, committed 70272K, reserved 315392K
  class space    used 8411K, capacity 9017K, committed 9088K, reserved 253952K
}
Event: 49.502 GC heap before
{Heap before GC invocations=14 (full 0):
 garbage-first heap   total 262144K, used 189440K [0x00000000e0000000, 0x0000000100000000)
  region size 1024K, 153 young (156672K), 11 survivors (11264K)
 Metaspace       used 70141K, capacity 71939K, committed 72320K, reserved 317440K
  class space    used 8586K, capacity 9218K, committed 9344K, reserved 253952K
}
Event: 49.523 GC heap after
{Heap after GC invocations=15 (full 0):
 garbage-first heap   total 262144K, used 48242K [0x00000000e0000000, 0x0000000100000000)
  region size 1024K, 14 young (14336K), 14 survivors (14336K)
 Metaspace       used 70141K, capacity 71939K, committed 72320K, reserved 317440K
  class space    used 8586K, capacity 9218K, committed 9344K, reserved 253952K
}

